<?xml version="1.0" encoding="UTF-8"?>
<!-- Generated by org.testng.reporters.JUnitXMLReporter -->
<testsuite hostname="DESKTOP-3B4T37D" ignored="0" name="FirefoxBrowserExecutions" tests="5" failures="1" timestamp="23 Jul 2017 13:42:44 GMT" time="90.309" errors="0">
  <testcase name="@AfterMethod tearDown" time="0.132" classname="practice1.MouseOperations1">
    <failure type="org.openqa.selenium.WebDriverException" message="Tried to run command without establishing a connection
Build info: version: &amp;apos;3.4.0&amp;apos;, revision: &amp;apos;unknown&amp;apos;, time: &amp;apos;unknown&amp;apos;
System info: host: &amp;apos;DESKTOP-3B4T37D&amp;apos;, ip: &amp;apos;192.168.153.1&amp;apos;, os.name: &amp;apos;Windows 10&amp;apos;, os.arch: &amp;apos;amd64&amp;apos;, os.version: &amp;apos;10.0&amp;apos;, java.version: &amp;apos;1.8.0_131&amp;apos;
Driver info: org.openqa.selenium.firefox.FirefoxDriver
Capabilities [{moz:profile=C:\Users\niroo\AppData\Local\Temp\rust_mozprofile.FdLYmcWgQla8, rotatable=false, timeouts={implicit=0.0, pageLoad=300000.0, script=30000.0}, pageLoadStrategy=normal, platform=ANY, specificationLevel=0.0, moz:accessibilityChecks=false, acceptInsecureCerts=false, browserVersion=54.0.1, platformVersion=10.0, moz:processID=11216.0, browserName=firefox, javascriptEnabled=true, platformName=windows_nt}]
Session ID: 2f88f550-7840-41c5-83e7-53bd636889fe">
      <![CDATA[org.openqa.selenium.WebDriverException: Tried to run command without establishing a connection
Build info: version: '3.4.0', revision: 'unknown', time: 'unknown'
System info: host: 'DESKTOP-3B4T37D', ip: '192.168.153.1', os.name: 'Windows 10', os.arch: 'amd64', os.version: '10.0', java.version: '1.8.0_131'
Driver info: org.openqa.selenium.firefox.FirefoxDriver
Capabilities [{moz:profile=C:\Users\niroo\AppData\Local\Temp\rust_mozprofile.FdLYmcWgQla8, rotatable=false, timeouts={implicit=0.0, pageLoad=300000.0, script=30000.0}, pageLoadStrategy=normal, platform=ANY, specificationLevel=0.0, moz:accessibilityChecks=false, acceptInsecureCerts=false, browserVersion=54.0.1, platformVersion=10.0, moz:processID=11216.0, browserName=firefox, javascriptEnabled=true, platformName=windows_nt}]
Session ID: 2f88f550-7840-41c5-83e7-53bd636889fe
	at org.openqa.selenium.remote.http.W3CHttpResponseCodec.createException(W3CHttpResponseCodec.java:150)
	at org.openqa.selenium.remote.http.W3CHttpResponseCodec.decode(W3CHttpResponseCodec.java:115)
	at org.openqa.selenium.remote.http.W3CHttpResponseCodec.decode(W3CHttpResponseCodec.java:45)
	at org.openqa.selenium.remote.HttpCommandExecutor.execute(HttpCommandExecutor.java:164)
	at org.openqa.selenium.remote.service.DriverCommandExecutor.execute(DriverCommandExecutor.java:82)
	at org.openqa.selenium.remote.RemoteWebDriver.execute(RemoteWebDriver.java:637)
	at org.openqa.selenium.remote.RemoteWebDriver.execute(RemoteWebDriver.java:694)
	at org.openqa.selenium.remote.RemoteWebDriver.quit(RemoteWebDriver.java:533)
	at practice1.MouseOperations1.tearDown(MouseOperations1.java:98)
... Removed 31 stack frames]]>
    </failure>
  </testcase> <!-- @AfterMethod tearDown -->
  <testcase name="singleDropDown" time="13.316" classname="practice1.SingleDropdown1"/>
  <testcase name="DragAnddrop" time="8.157" classname="practice1.MouseOperations1"/>
  <testcase name="MoveToelement" time="4.708" classname="practice1.MouseOperations1"/>
  <testcase name="Browserslider" time="22.616" classname="practice1.MouseOperations1"/>
  <testcase name="slider" time="6.67" classname="practice1.MouseOperations1">
    <failure type="org.openqa.selenium.WebDriverException" message="Failed to decode response from marionette
Build info: version: &amp;apos;3.4.0&amp;apos;, revision: &amp;apos;unknown&amp;apos;, time: &amp;apos;unknown&amp;apos;
System info: host: &amp;apos;DESKTOP-3B4T37D&amp;apos;, ip: &amp;apos;192.168.153.1&amp;apos;, os.name: &amp;apos;Windows 10&amp;apos;, os.arch: &amp;apos;amd64&amp;apos;, os.version: &amp;apos;10.0&amp;apos;, java.version: &amp;apos;1.8.0_131&amp;apos;
Driver info: org.openqa.selenium.firefox.FirefoxDriver
Capabilities [{moz:profile=C:\Users\niroo\AppData\Local\Temp\rust_mozprofile.FdLYmcWgQla8, rotatable=false, timeouts={implicit=0.0, pageLoad=300000.0, script=30000.0}, pageLoadStrategy=normal, platform=ANY, specificationLevel=0.0, moz:accessibilityChecks=false, acceptInsecureCerts=false, browserVersion=54.0.1, platformVersion=10.0, moz:processID=11216.0, browserName=firefox, javascriptEnabled=true, platformName=windows_nt}]
Session ID: 2f88f550-7840-41c5-83e7-53bd636889fe
*** Element info: {Using=xpath, value=//div[@id=&amp;apos;slider&amp;apos;]/span}">
      <![CDATA[org.openqa.selenium.WebDriverException: Failed to decode response from marionette
Build info: version: '3.4.0', revision: 'unknown', time: 'unknown'
System info: host: 'DESKTOP-3B4T37D', ip: '192.168.153.1', os.name: 'Windows 10', os.arch: 'amd64', os.version: '10.0', java.version: '1.8.0_131'
Driver info: org.openqa.selenium.firefox.FirefoxDriver
Capabilities [{moz:profile=C:\Users\niroo\AppData\Local\Temp\rust_mozprofile.FdLYmcWgQla8, rotatable=false, timeouts={implicit=0.0, pageLoad=300000.0, script=30000.0}, pageLoadStrategy=normal, platform=ANY, specificationLevel=0.0, moz:accessibilityChecks=false, acceptInsecureCerts=false, browserVersion=54.0.1, platformVersion=10.0, moz:processID=11216.0, browserName=firefox, javascriptEnabled=true, platformName=windows_nt}]
Session ID: 2f88f550-7840-41c5-83e7-53bd636889fe
*** Element info: {Using=xpath, value=//div[@id='slider']/span}
	at org.openqa.selenium.remote.http.W3CHttpResponseCodec.createException(W3CHttpResponseCodec.java:150)
	at org.openqa.selenium.remote.http.W3CHttpResponseCodec.decode(W3CHttpResponseCodec.java:115)
	at org.openqa.selenium.remote.http.W3CHttpResponseCodec.decode(W3CHttpResponseCodec.java:45)
	at org.openqa.selenium.remote.HttpCommandExecutor.execute(HttpCommandExecutor.java:164)
	at org.openqa.selenium.remote.service.DriverCommandExecutor.execute(DriverCommandExecutor.java:82)
	at org.openqa.selenium.remote.RemoteWebDriver.execute(RemoteWebDriver.java:637)
	at org.openqa.selenium.remote.RemoteWebDriver.findElement(RemoteWebDriver.java:410)
	at org.openqa.selenium.remote.RemoteWebDriver.findElementByXPath(RemoteWebDriver.java:509)
	at org.openqa.selenium.By$ByXPath.findElement(By.java:361)
	at org.openqa.selenium.remote.RemoteWebDriver.findElement(RemoteWebDriver.java:402)
	at practice1.MouseOperations1.slider(MouseOperations1.java:72)
... Removed 29 stack frames]]>
    </failure>
  </testcase> <!-- slider -->
</testsuite> <!-- FirefoxBrowserExecutions -->
