<?xml version="1.0" encoding="UTF-8"?>
<testng-results skipped="0" failed="0" ignored="0" total="1" passed="1">
  <reporter-output>
  </reporter-output>
  <suite name="Default suite" duration-ms="27566" started-at="2017-07-28T18:43:54Z" finished-at="2017-07-28T18:44:22Z">
    <groups>
    </groups>
    <test name="Default test" duration-ms="27566" started-at="2017-07-28T18:43:54Z" finished-at="2017-07-28T18:44:22Z">
      <class name="dropdowntesting.DropdownTesting1">
        <test-method status="PASS" signature="beforeMethod()[pri:0, instance:dropdowntesting.DropdownTesting1@4439f31e]" name="beforeMethod" is-config="true" duration-ms="22265" started-at="2017-07-29T00:13:54Z" finished-at="2017-07-29T00:14:17Z">
          <reporter-output>
          </reporter-output>
        </test-method> <!-- beforeMethod -->
        <test-method status="PASS" signature="f()[pri:2, instance:dropdowntesting.DropdownTesting1@4439f31e]" name="f" duration-ms="5269" started-at="2017-07-29T00:14:17Z" finished-at="2017-07-29T00:14:22Z">
          <reporter-output>
          </reporter-output>
        </test-method> <!-- f -->
        <test-method status="PASS" signature="afterMethod()[pri:0, instance:dropdowntesting.DropdownTesting1@4439f31e]" name="afterMethod" is-config="true" duration-ms="1" started-at="2017-07-29T00:14:22Z" finished-at="2017-07-29T00:14:22Z">
          <reporter-output>
          </reporter-output>
        </test-method> <!-- afterMethod -->
      </class> <!-- dropdowntesting.DropdownTesting1 -->
    </test> <!-- Default test -->
  </suite> <!-- Default suite -->
</testng-results>
