<?xml version="1.0" encoding="UTF-8"?>
<testng-results skipped="0" failed="0" ignored="0" total="2" passed="2">
  <reporter-output>
  </reporter-output>
  <suite name="Default suite" duration-ms="75" started-at="2017-07-19T17:54:15Z" finished-at="2017-07-19T17:54:15Z">
    <groups>
    </groups>
    <test name="Default test" duration-ms="75" started-at="2017-07-19T17:54:15Z" finished-at="2017-07-19T17:54:15Z">
      <class name="TestNG.TestNGSample1">
        <test-method status="PASS" signature="beforeMethod()[pri:0, instance:TestNG.TestNGSample1@6d8a00e3]" name="beforeMethod" is-config="true" duration-ms="5" started-at="2017-07-19T23:24:15Z" finished-at="2017-07-19T23:24:15Z">
          <reporter-output>
          </reporter-output>
        </test-method> <!-- beforeMethod -->
        <test-method status="PASS" signature="f()[pri:0, instance:TestNG.TestNGSample1@6d8a00e3]" name="f" duration-ms="10" started-at="2017-07-19T23:24:15Z" finished-at="2017-07-19T23:24:15Z">
          <reporter-output>
          </reporter-output>
        </test-method> <!-- f -->
        <test-method status="PASS" signature="afterMethod()[pri:0, instance:TestNG.TestNGSample1@6d8a00e3]" name="afterMethod" is-config="true" duration-ms="1" started-at="2017-07-19T23:24:15Z" finished-at="2017-07-19T23:24:15Z">
          <reporter-output>
          </reporter-output>
        </test-method> <!-- afterMethod -->
        <test-method status="PASS" signature="beforeMethod()[pri:0, instance:TestNG.TestNGSample1@6d8a00e3]" name="beforeMethod" is-config="true" duration-ms="1" started-at="2017-07-19T23:24:15Z" finished-at="2017-07-19T23:24:15Z">
          <reporter-output>
          </reporter-output>
        </test-method> <!-- beforeMethod -->
        <test-method status="PASS" signature="m()[pri:0, instance:TestNG.TestNGSample1@6d8a00e3]" name="m" duration-ms="13" started-at="2017-07-19T23:24:15Z" finished-at="2017-07-19T23:24:15Z">
          <reporter-output>
          </reporter-output>
        </test-method> <!-- m -->
        <test-method status="PASS" signature="afterMethod()[pri:0, instance:TestNG.TestNGSample1@6d8a00e3]" name="afterMethod" is-config="true" duration-ms="5" started-at="2017-07-19T23:24:15Z" finished-at="2017-07-19T23:24:15Z">
          <reporter-output>
          </reporter-output>
        </test-method> <!-- afterMethod -->
      </class> <!-- TestNG.TestNGSample1 -->
    </test> <!-- Default test -->
  </suite> <!-- Default suite -->
</testng-results>
